{"C:\\Users\\useerr\\Documents\\cursos\\Alura\\Programação\\node\\api-rest\\src\\app.js": {"path":"C:\\Users\\useerr\\Documents\\cursos\\Alura\\Programação\\node\\api-rest\\src\\app.js","statementMap":{"0":{"start":{"line":8,"column":0},"end":{"line":8,"column":76}},"1":{"start":{"line":9,"column":0},"end":{"line":11,"column":3}},"2":{"start":{"line":10,"column":2},"end":{"line":10,"column":55}},"3":{"start":{"line":13,"column":19},"end":{"line":13,"column":28}},"4":{"start":{"line":14,"column":0},"end":{"line":14,"column":24}},"5":{"start":{"line":15,"column":0},"end":{"line":15,"column":12}},"6":{"start":{"line":17,"column":0},"end":{"line":17,"column":19}},"7":{"start":{"line":20,"column":0},"end":{"line":20,"column":22}}},"fnMap":{"0":{"name":"(anonymous_0)","decl":{"start":{"line":9,"column":16},"end":{"line":9,"column":17}},"loc":{"start":{"line":9,"column":22},"end":{"line":11,"column":1}},"line":9}},"branchMap":{},"s":{"0":2,"1":2,"2":2,"3":2,"4":2,"5":2,"6":2,"7":2},"f":{"0":2},"b":{},"_coverageSchema":"1a1c01bbd47fc00a2c39e90264f33305004495a9","hash":"9dd38ed5160824883a29348baf19458919e75cf3"}
,"C:\\Users\\useerr\\Documents\\cursos\\Alura\\Programação\\node\\api-rest\\src\\config\\dbConnect.js": {"path":"C:\\Users\\useerr\\Documents\\cursos\\Alura\\Programação\\node\\api-rest\\src\\config\\dbConnect.js","statementMap":{"0":{"start":{"line":5,"column":0},"end":{"line":5,"column":15}},"1":{"start":{"line":6,"column":17},"end":{"line":6,"column":37}},"2":{"start":{"line":8,"column":0},"end":{"line":8,"column":99}},"3":{"start":{"line":8,"column":38},"end":{"line":8,"column":68}},"4":{"start":{"line":8,"column":83},"end":{"line":8,"column":97}},"5":{"start":{"line":10,"column":18},"end":{"line":10,"column":37}}},"fnMap":{"0":{"name":"(anonymous_0)","decl":{"start":{"line":8,"column":32},"end":{"line":8,"column":33}},"loc":{"start":{"line":8,"column":38},"end":{"line":8,"column":68}},"line":8},"1":{"name":"(anonymous_1)","decl":{"start":{"line":8,"column":76},"end":{"line":8,"column":77}},"loc":{"start":{"line":8,"column":83},"end":{"line":8,"column":97}},"line":8}},"branchMap":{},"s":{"0":2,"1":2,"2":2,"3":2,"4":0,"5":2},"f":{"0":2,"1":0},"b":{},"_coverageSchema":"1a1c01bbd47fc00a2c39e90264f33305004495a9","hash":"4c67c9aae06cdc4c659f9b767233e2ae61ecf9c6"}
,"C:\\Users\\useerr\\Documents\\cursos\\Alura\\Programação\\node\\api-rest\\src\\controllers\\authorsController.js": {"path":"C:\\Users\\useerr\\Documents\\cursos\\Alura\\Programação\\node\\api-rest\\src\\controllers\\authorsController.js","statementMap":{"0":{"start":{"line":5,"column":25},"end":{"line":13,"column":3}},"1":{"start":{"line":6,"column":4},"end":{"line":12,"column":5}},"2":{"start":{"line":7,"column":28},"end":{"line":7,"column":42}},"3":{"start":{"line":8,"column":6},"end":{"line":8,"column":33}},"4":{"start":{"line":9,"column":6},"end":{"line":9,"column":13}},"5":{"start":{"line":11,"column":6},"end":{"line":11,"column":16}},"6":{"start":{"line":15,"column":25},"end":{"line":28,"column":3}},"7":{"start":{"line":16,"column":19},"end":{"line":16,"column":29}},"8":{"start":{"line":18,"column":4},"end":{"line":27,"column":5}},"9":{"start":{"line":19,"column":21},"end":{"line":19,"column":47}},"10":{"start":{"line":20,"column":6},"end":{"line":24,"column":7}},"11":{"start":{"line":21,"column":8},"end":{"line":21,"column":46}},"12":{"start":{"line":23,"column":8},"end":{"line":23,"column":54}},"13":{"start":{"line":26,"column":6},"end":{"line":26,"column":18}},"14":{"start":{"line":30,"column":22},"end":{"line":38,"column":3}},"15":{"start":{"line":31,"column":4},"end":{"line":37,"column":5}},"16":{"start":{"line":32,"column":24},"end":{"line":32,"column":45}},"17":{"start":{"line":33,"column":6},"end":{"line":33,"column":29}},"18":{"start":{"line":34,"column":6},"end":{"line":34,"column":47}},"19":{"start":{"line":36,"column":6},"end":{"line":36,"column":18}},"20":{"start":{"line":40,"column":24},"end":{"line":53,"column":3}},"21":{"start":{"line":41,"column":19},"end":{"line":41,"column":29}},"22":{"start":{"line":43,"column":4},"end":{"line":52,"column":5}},"23":{"start":{"line":44,"column":21},"end":{"line":44,"column":91}},"24":{"start":{"line":45,"column":6},"end":{"line":49,"column":7}},"25":{"start":{"line":46,"column":8},"end":{"line":46,"column":46}},"26":{"start":{"line":48,"column":8},"end":{"line":48,"column":54}},"27":{"start":{"line":51,"column":6},"end":{"line":51,"column":18}},"28":{"start":{"line":55,"column":24},"end":{"line":67,"column":3}},"29":{"start":{"line":56,"column":19},"end":{"line":56,"column":29}},"30":{"start":{"line":57,"column":4},"end":{"line":66,"column":5}},"31":{"start":{"line":58,"column":21},"end":{"line":58,"column":91}},"32":{"start":{"line":59,"column":6},"end":{"line":63,"column":7}},"33":{"start":{"line":60,"column":8},"end":{"line":60,"column":46}},"34":{"start":{"line":62,"column":8},"end":{"line":62,"column":54}},"35":{"start":{"line":65,"column":6},"end":{"line":65,"column":18}},"36":{"start":{"line":69,"column":24},"end":{"line":82,"column":3}},"37":{"start":{"line":70,"column":19},"end":{"line":70,"column":29}},"38":{"start":{"line":72,"column":4},"end":{"line":81,"column":5}},"39":{"start":{"line":73,"column":21},"end":{"line":73,"column":56}},"40":{"start":{"line":74,"column":6},"end":{"line":78,"column":7}},"41":{"start":{"line":75,"column":8},"end":{"line":75,"column":46}},"42":{"start":{"line":77,"column":8},"end":{"line":77,"column":54}},"43":{"start":{"line":80,"column":6},"end":{"line":80,"column":18}}},"fnMap":{"0":{"name":"(anonymous_0)","decl":{"start":{"line":5,"column":25},"end":{"line":5,"column":26}},"loc":{"start":{"line":5,"column":51},"end":{"line":13,"column":3}},"line":5},"1":{"name":"(anonymous_1)","decl":{"start":{"line":15,"column":25},"end":{"line":15,"column":26}},"loc":{"start":{"line":15,"column":51},"end":{"line":28,"column":3}},"line":15},"2":{"name":"(anonymous_2)","decl":{"start":{"line":30,"column":22},"end":{"line":30,"column":23}},"loc":{"start":{"line":30,"column":48},"end":{"line":38,"column":3}},"line":30},"3":{"name":"(anonymous_3)","decl":{"start":{"line":40,"column":24},"end":{"line":40,"column":25}},"loc":{"start":{"line":40,"column":50},"end":{"line":53,"column":3}},"line":40},"4":{"name":"(anonymous_4)","decl":{"start":{"line":55,"column":24},"end":{"line":55,"column":25}},"loc":{"start":{"line":55,"column":50},"end":{"line":67,"column":3}},"line":55},"5":{"name":"(anonymous_5)","decl":{"start":{"line":69,"column":24},"end":{"line":69,"column":25}},"loc":{"start":{"line":69,"column":50},"end":{"line":82,"column":3}},"line":69}},"branchMap":{"0":{"loc":{"start":{"line":20,"column":6},"end":{"line":24,"column":7}},"type":"if","locations":[{"start":{"line":20,"column":6},"end":{"line":24,"column":7}},{"start":{"line":22,"column":13},"end":{"line":24,"column":7}}],"line":20},"1":{"loc":{"start":{"line":45,"column":6},"end":{"line":49,"column":7}},"type":"if","locations":[{"start":{"line":45,"column":6},"end":{"line":49,"column":7}},{"start":{"line":47,"column":13},"end":{"line":49,"column":7}}],"line":45},"2":{"loc":{"start":{"line":59,"column":6},"end":{"line":63,"column":7}},"type":"if","locations":[{"start":{"line":59,"column":6},"end":{"line":63,"column":7}},{"start":{"line":61,"column":13},"end":{"line":63,"column":7}}],"line":59},"3":{"loc":{"start":{"line":74,"column":6},"end":{"line":78,"column":7}},"type":"if","locations":[{"start":{"line":74,"column":6},"end":{"line":78,"column":7}},{"start":{"line":76,"column":13},"end":{"line":78,"column":7}}],"line":74}},"s":{"0":2,"1":1,"2":1,"3":1,"4":1,"5":0,"6":2,"7":1,"8":1,"9":1,"10":1,"11":1,"12":0,"13":0,"14":2,"15":2,"16":2,"17":2,"18":1,"19":1,"20":2,"21":2,"22":2,"23":2,"24":2,"25":2,"26":0,"27":0,"28":2,"29":0,"30":0,"31":0,"32":0,"33":0,"34":0,"35":0,"36":2,"37":1,"38":1,"39":1,"40":1,"41":1,"42":0,"43":0},"f":{"0":1,"1":1,"2":2,"3":2,"4":0,"5":1},"b":{"0":[1,0],"1":[2,0],"2":[0,0],"3":[1,0]},"_coverageSchema":"1a1c01bbd47fc00a2c39e90264f33305004495a9","hash":"2cf10784044e40d36f5c1e120c7c8ecb45adc822"}
,"C:\\Users\\useerr\\Documents\\cursos\\Alura\\Programação\\node\\api-rest\\src\\controllers\\booksController.js": {"path":"C:\\Users\\useerr\\Documents\\cursos\\Alura\\Programação\\node\\api-rest\\src\\controllers\\booksController.js","statementMap":{"0":{"start":{"line":10,"column":6},"end":{"line":10,"column":15}},"1":{"start":{"line":12,"column":16},"end":{"line":12,"column":50}},"2":{"start":{"line":13,"column":26},"end":{"line":13,"column":53}},"3":{"start":{"line":15,"column":15},"end":{"line":15,"column":17}},"4":{"start":{"line":17,"column":2},"end":{"line":17,"column":59}},"5":{"start":{"line":17,"column":25},"end":{"line":17,"column":59}},"6":{"start":{"line":18,"column":2},"end":{"line":18,"column":61}},"7":{"start":{"line":18,"column":13},"end":{"line":18,"column":61}},"8":{"start":{"line":19,"column":2},"end":{"line":19,"column":44}},"9":{"start":{"line":19,"column":26},"end":{"line":19,"column":44}},"10":{"start":{"line":20,"column":2},"end":{"line":20,"column":43}},"11":{"start":{"line":20,"column":15},"end":{"line":20,"column":43}},"12":{"start":{"line":21,"column":2},"end":{"line":21,"column":43}},"13":{"start":{"line":21,"column":15},"end":{"line":21,"column":43}},"14":{"start":{"line":23,"column":2},"end":{"line":31,"column":3}},"15":{"start":{"line":24,"column":19},"end":{"line":24,"column":67}},"16":{"start":{"line":25,"column":4},"end":{"line":30,"column":5}},"17":{"start":{"line":26,"column":23},"end":{"line":26,"column":33}},"18":{"start":{"line":27,"column":6},"end":{"line":27,"column":31}},"19":{"start":{"line":29,"column":6},"end":{"line":29,"column":20}},"20":{"start":{"line":33,"column":2},"end":{"line":33,"column":16}},"21":{"start":{"line":37,"column":23},"end":{"line":46,"column":3}},"22":{"start":{"line":38,"column":4},"end":{"line":45,"column":5}},"23":{"start":{"line":39,"column":26},"end":{"line":39,"column":38}},"24":{"start":{"line":41,"column":6},"end":{"line":41,"column":31}},"25":{"start":{"line":42,"column":6},"end":{"line":42,"column":13}},"26":{"start":{"line":44,"column":6},"end":{"line":44,"column":18}},"27":{"start":{"line":48,"column":23},"end":{"line":61,"column":3}},"28":{"start":{"line":49,"column":19},"end":{"line":49,"column":29}},"29":{"start":{"line":51,"column":4},"end":{"line":60,"column":5}},"30":{"start":{"line":52,"column":19},"end":{"line":52,"column":70}},"31":{"start":{"line":53,"column":6},"end":{"line":57,"column":7}},"32":{"start":{"line":54,"column":8},"end":{"line":54,"column":44}},"33":{"start":{"line":56,"column":8},"end":{"line":56,"column":51}},"34":{"start":{"line":59,"column":6},"end":{"line":59,"column":18}},"35":{"start":{"line":63,"column":23},"end":{"line":77,"column":3}},"36":{"start":{"line":64,"column":4},"end":{"line":76,"column":5}},"37":{"start":{"line":65,"column":21},"end":{"line":65,"column":44}},"38":{"start":{"line":66,"column":6},"end":{"line":73,"column":7}},"39":{"start":{"line":67,"column":24},"end":{"line":68,"column":23}},"40":{"start":{"line":69,"column":8},"end":{"line":69,"column":29}},"41":{"start":{"line":70,"column":8},"end":{"line":70,"column":15}},"42":{"start":{"line":72,"column":8},"end":{"line":72,"column":51}},"43":{"start":{"line":75,"column":6},"end":{"line":75,"column":18}},"44":{"start":{"line":79,"column":20},"end":{"line":87,"column":3}},"45":{"start":{"line":80,"column":4},"end":{"line":86,"column":5}},"46":{"start":{"line":81,"column":22},"end":{"line":81,"column":41}},"47":{"start":{"line":82,"column":6},"end":{"line":82,"column":27}},"48":{"start":{"line":83,"column":6},"end":{"line":83,"column":45}},"49":{"start":{"line":85,"column":6},"end":{"line":85,"column":18}},"50":{"start":{"line":89,"column":22},"end":{"line":101,"column":3}},"51":{"start":{"line":90,"column":4},"end":{"line":100,"column":5}},"52":{"start":{"line":91,"column":21},"end":{"line":91,"column":31}},"53":{"start":{"line":92,"column":19},"end":{"line":92,"column":114}},"54":{"start":{"line":93,"column":6},"end":{"line":97,"column":7}},"55":{"start":{"line":94,"column":8},"end":{"line":94,"column":44}},"56":{"start":{"line":96,"column":8},"end":{"line":96,"column":51}},"57":{"start":{"line":99,"column":6},"end":{"line":99,"column":18}},"58":{"start":{"line":103,"column":22},"end":{"line":116,"column":3}},"59":{"start":{"line":104,"column":19},"end":{"line":104,"column":29}},"60":{"start":{"line":106,"column":4},"end":{"line":115,"column":5}},"61":{"start":{"line":107,"column":19},"end":{"line":107,"column":87}},"62":{"start":{"line":108,"column":6},"end":{"line":112,"column":7}},"63":{"start":{"line":109,"column":8},"end":{"line":109,"column":44}},"64":{"start":{"line":111,"column":8},"end":{"line":111,"column":51}},"65":{"start":{"line":114,"column":6},"end":{"line":114,"column":18}},"66":{"start":{"line":118,"column":22},"end":{"line":131,"column":3}},"67":{"start":{"line":119,"column":19},"end":{"line":119,"column":29}},"68":{"start":{"line":121,"column":4},"end":{"line":130,"column":5}},"69":{"start":{"line":122,"column":19},"end":{"line":122,"column":52}},"70":{"start":{"line":123,"column":6},"end":{"line":127,"column":7}},"71":{"start":{"line":124,"column":8},"end":{"line":124,"column":44}},"72":{"start":{"line":126,"column":8},"end":{"line":126,"column":51}},"73":{"start":{"line":129,"column":6},"end":{"line":129,"column":18}}},"fnMap":{"0":{"name":"handleSearch","decl":{"start":{"line":7,"column":22},"end":{"line":7,"column":34}},"loc":{"start":{"line":7,"column":40},"end":{"line":34,"column":1}},"line":7},"1":{"name":"(anonymous_1)","decl":{"start":{"line":37,"column":23},"end":{"line":37,"column":24}},"loc":{"start":{"line":37,"column":49},"end":{"line":46,"column":3}},"line":37},"2":{"name":"(anonymous_2)","decl":{"start":{"line":48,"column":23},"end":{"line":48,"column":24}},"loc":{"start":{"line":48,"column":49},"end":{"line":61,"column":3}},"line":48},"3":{"name":"(anonymous_3)","decl":{"start":{"line":63,"column":23},"end":{"line":63,"column":24}},"loc":{"start":{"line":63,"column":49},"end":{"line":77,"column":3}},"line":63},"4":{"name":"(anonymous_4)","decl":{"start":{"line":79,"column":20},"end":{"line":79,"column":21}},"loc":{"start":{"line":79,"column":46},"end":{"line":87,"column":3}},"line":79},"5":{"name":"(anonymous_5)","decl":{"start":{"line":89,"column":22},"end":{"line":89,"column":23}},"loc":{"start":{"line":89,"column":48},"end":{"line":101,"column":3}},"line":89},"6":{"name":"(anonymous_6)","decl":{"start":{"line":103,"column":22},"end":{"line":103,"column":23}},"loc":{"start":{"line":103,"column":48},"end":{"line":116,"column":3}},"line":103},"7":{"name":"(anonymous_7)","decl":{"start":{"line":118,"column":22},"end":{"line":118,"column":23}},"loc":{"start":{"line":118,"column":48},"end":{"line":131,"column":3}},"line":118}},"branchMap":{"0":{"loc":{"start":{"line":17,"column":2},"end":{"line":17,"column":59}},"type":"if","locations":[{"start":{"line":17,"column":2},"end":{"line":17,"column":59}},{"start":{},"end":{}}],"line":17},"1":{"loc":{"start":{"line":18,"column":2},"end":{"line":18,"column":61}},"type":"if","locations":[{"start":{"line":18,"column":2},"end":{"line":18,"column":61}},{"start":{},"end":{}}],"line":18},"2":{"loc":{"start":{"line":19,"column":2},"end":{"line":19,"column":44}},"type":"if","locations":[{"start":{"line":19,"column":2},"end":{"line":19,"column":44}},{"start":{},"end":{}}],"line":19},"3":{"loc":{"start":{"line":19,"column":6},"end":{"line":19,"column":24}},"type":"binary-expr","locations":[{"start":{"line":19,"column":6},"end":{"line":19,"column":13}},{"start":{"line":19,"column":17},"end":{"line":19,"column":24}}],"line":19},"4":{"loc":{"start":{"line":20,"column":2},"end":{"line":20,"column":43}},"type":"if","locations":[{"start":{"line":20,"column":2},"end":{"line":20,"column":43}},{"start":{},"end":{}}],"line":20},"5":{"loc":{"start":{"line":21,"column":2},"end":{"line":21,"column":43}},"type":"if","locations":[{"start":{"line":21,"column":2},"end":{"line":21,"column":43}},{"start":{},"end":{}}],"line":21},"6":{"loc":{"start":{"line":23,"column":2},"end":{"line":31,"column":3}},"type":"if","locations":[{"start":{"line":23,"column":2},"end":{"line":31,"column":3}},{"start":{},"end":{}}],"line":23},"7":{"loc":{"start":{"line":25,"column":4},"end":{"line":30,"column":5}},"type":"if","locations":[{"start":{"line":25,"column":4},"end":{"line":30,"column":5}},{"start":{"line":28,"column":11},"end":{"line":30,"column":5}}],"line":25},"8":{"loc":{"start":{"line":53,"column":6},"end":{"line":57,"column":7}},"type":"if","locations":[{"start":{"line":53,"column":6},"end":{"line":57,"column":7}},{"start":{"line":55,"column":13},"end":{"line":57,"column":7}}],"line":53},"9":{"loc":{"start":{"line":66,"column":6},"end":{"line":73,"column":7}},"type":"if","locations":[{"start":{"line":66,"column":6},"end":{"line":73,"column":7}},{"start":{"line":71,"column":13},"end":{"line":73,"column":7}}],"line":66},"10":{"loc":{"start":{"line":93,"column":6},"end":{"line":97,"column":7}},"type":"if","locations":[{"start":{"line":93,"column":6},"end":{"line":97,"column":7}},{"start":{"line":95,"column":13},"end":{"line":97,"column":7}}],"line":93},"11":{"loc":{"start":{"line":108,"column":6},"end":{"line":112,"column":7}},"type":"if","locations":[{"start":{"line":108,"column":6},"end":{"line":112,"column":7}},{"start":{"line":110,"column":13},"end":{"line":112,"column":7}}],"line":108},"12":{"loc":{"start":{"line":123,"column":6},"end":{"line":127,"column":7}},"type":"if","locations":[{"start":{"line":123,"column":6},"end":{"line":127,"column":7}},{"start":{"line":125,"column":13},"end":{"line":127,"column":7}}],"line":123}},"s":{"0":0,"1":0,"2":0,"3":0,"4":0,"5":0,"6":0,"7":0,"8":0,"9":0,"10":0,"11":0,"12":0,"13":0,"14":0,"15":0,"16":0,"17":0,"18":0,"19":0,"20":0,"21":2,"22":1,"23":1,"24":1,"25":1,"26":0,"27":2,"28":1,"29":1,"30":1,"31":1,"32":1,"33":0,"34":0,"35":2,"36":0,"37":0,"38":0,"39":0,"40":0,"41":0,"42":0,"43":0,"44":2,"45":1,"46":1,"47":1,"48":1,"49":0,"50":2,"51":3,"52":3,"53":3,"54":3,"55":3,"56":0,"57":0,"58":2,"59":0,"60":0,"61":0,"62":0,"63":0,"64":0,"65":0,"66":2,"67":1,"68":1,"69":1,"70":1,"71":1,"72":0,"73":0},"f":{"0":0,"1":1,"2":1,"3":0,"4":1,"5":3,"6":0,"7":1},"b":{"0":[0,0],"1":[0,0],"2":[0,0],"3":[0,0],"4":[0,0],"5":[0,0],"6":[0,0],"7":[0,0],"8":[1,0],"9":[0,0],"10":[3,0],"11":[0,0],"12":[1,0]},"_coverageSchema":"1a1c01bbd47fc00a2c39e90264f33305004495a9","hash":"8a0a2e4544fd4dca7046ab8d051246fc0109a4cf"}
,"C:\\Users\\useerr\\Documents\\cursos\\Alura\\Programação\\node\\api-rest\\src\\error\\baseError.js": {"path":"C:\\Users\\useerr\\Documents\\cursos\\Alura\\Programação\\node\\api-rest\\src\\error\\baseError.js","statementMap":{"0":{"start":{"line":3,"column":4},"end":{"line":3,"column":12}},"1":{"start":{"line":4,"column":4},"end":{"line":4,"column":27}},"2":{"start":{"line":5,"column":4},"end":{"line":5,"column":25}},"3":{"start":{"line":9,"column":4},"end":{"line":12,"column":7}}},"fnMap":{"0":{"name":"(anonymous_0)","decl":{"start":{"line":2,"column":2},"end":{"line":2,"column":3}},"loc":{"start":{"line":2,"column":66},"end":{"line":6,"column":3}},"line":2},"1":{"name":"(anonymous_1)","decl":{"start":{"line":8,"column":2},"end":{"line":8,"column":3}},"loc":{"start":{"line":8,"column":25},"end":{"line":13,"column":3}},"line":8}},"branchMap":{"0":{"loc":{"start":{"line":2,"column":14},"end":{"line":2,"column":50}},"type":"default-arg","locations":[{"start":{"line":2,"column":24},"end":{"line":2,"column":50}}],"line":2},"1":{"loc":{"start":{"line":2,"column":52},"end":{"line":2,"column":64}},"type":"default-arg","locations":[{"start":{"line":2,"column":61},"end":{"line":2,"column":64}}],"line":2}},"s":{"0":1,"1":1,"2":1,"3":1},"f":{"0":1,"1":1},"b":{"0":[0],"1":[0]},"_coverageSchema":"1a1c01bbd47fc00a2c39e90264f33305004495a9","hash":"ca8b46a7e06ae7643d88372856de0891a9cb95a8"}
,"C:\\Users\\useerr\\Documents\\cursos\\Alura\\Programação\\node\\api-rest\\src\\error\\error404.js": {"path":"C:\\Users\\useerr\\Documents\\cursos\\Alura\\Programação\\node\\api-rest\\src\\error\\error404.js","statementMap":{"0":{"start":{"line":5,"column":4},"end":{"line":5,"column":24}}},"fnMap":{"0":{"name":"(anonymous_0)","decl":{"start":{"line":4,"column":2},"end":{"line":4,"column":3}},"loc":{"start":{"line":4,"column":49},"end":{"line":6,"column":3}},"line":4}},"branchMap":{"0":{"loc":{"start":{"line":4,"column":14},"end":{"line":4,"column":47}},"type":"default-arg","locations":[{"start":{"line":4,"column":24},"end":{"line":4,"column":47}}],"line":4}},"s":{"0":0},"f":{"0":0},"b":{"0":[0]},"_coverageSchema":"1a1c01bbd47fc00a2c39e90264f33305004495a9","hash":"b18977b890ce6739afdfd2d7ef75b2909ae3430d"}
,"C:\\Users\\useerr\\Documents\\cursos\\Alura\\Programação\\node\\api-rest\\src\\error\\incorrectReq.js": {"path":"C:\\Users\\useerr\\Documents\\cursos\\Alura\\Programação\\node\\api-rest\\src\\error\\incorrectReq.js","statementMap":{"0":{"start":{"line":5,"column":4},"end":{"line":5,"column":24}}},"fnMap":{"0":{"name":"(anonymous_0)","decl":{"start":{"line":4,"column":2},"end":{"line":4,"column":3}},"loc":{"start":{"line":4,"column":71},"end":{"line":6,"column":3}},"line":4}},"branchMap":{"0":{"loc":{"start":{"line":4,"column":14},"end":{"line":4,"column":69}},"type":"default-arg","locations":[{"start":{"line":4,"column":24},"end":{"line":4,"column":69}}],"line":4}},"s":{"0":1},"f":{"0":1},"b":{"0":[0]},"_coverageSchema":"1a1c01bbd47fc00a2c39e90264f33305004495a9","hash":"d84a84244aa155c4102755daa8b5ac3b89f6b81a"}
,"C:\\Users\\useerr\\Documents\\cursos\\Alura\\Programação\\node\\api-rest\\src\\error\\validationError.js": {"path":"C:\\Users\\useerr\\Documents\\cursos\\Alura\\Programação\\node\\api-rest\\src\\error\\validationError.js","statementMap":{"0":{"start":{"line":5,"column":25},"end":{"line":7,"column":17}},"1":{"start":{"line":6,"column":20},"end":{"line":6,"column":31}},"2":{"start":{"line":8,"column":4},"end":{"line":8,"column":49}}},"fnMap":{"0":{"name":"(anonymous_0)","decl":{"start":{"line":4,"column":2},"end":{"line":4,"column":3}},"loc":{"start":{"line":4,"column":21},"end":{"line":9,"column":3}},"line":4},"1":{"name":"(anonymous_1)","decl":{"start":{"line":6,"column":11},"end":{"line":6,"column":12}},"loc":{"start":{"line":6,"column":20},"end":{"line":6,"column":31}},"line":6}},"branchMap":{},"s":{"0":1,"1":1,"2":1},"f":{"0":1,"1":1},"b":{},"_coverageSchema":"1a1c01bbd47fc00a2c39e90264f33305004495a9","hash":"1f200eae78eaca274235658f64bc3c41c4d4c563"}
,"C:\\Users\\useerr\\Documents\\cursos\\Alura\\Programação\\node\\api-rest\\src\\middlewares\\404Handler.js": {"path":"C:\\Users\\useerr\\Documents\\cursos\\Alura\\Programação\\node\\api-rest\\src\\middlewares\\404Handler.js","statementMap":{"0":{"start":{"line":4,"column":17},"end":{"line":4,"column":31}},"1":{"start":{"line":5,"column":2},"end":{"line":5,"column":15}}},"fnMap":{"0":{"name":"Handle404","decl":{"start":{"line":3,"column":16},"end":{"line":3,"column":25}},"loc":{"start":{"line":3,"column":42},"end":{"line":6,"column":1}},"line":3}},"branchMap":{},"s":{"0":0,"1":0},"f":{"0":0},"b":{},"_coverageSchema":"1a1c01bbd47fc00a2c39e90264f33305004495a9","hash":"06ee8744e77e9a1698cf34fd0b7bc3aa98bef8b8"}
,"C:\\Users\\useerr\\Documents\\cursos\\Alura\\Programação\\node\\api-rest\\src\\middlewares\\errorHandler.js": {"path":"C:\\Users\\useerr\\Documents\\cursos\\Alura\\Programação\\node\\api-rest\\src\\middlewares\\errorHandler.js","statementMap":{"0":{"start":{"line":7,"column":28},"end":{"line":17,"column":1}},"1":{"start":{"line":8,"column":2},"end":{"line":16,"column":3}},"2":{"start":{"line":9,"column":4},"end":{"line":9,"column":41}},"3":{"start":{"line":10,"column":9},"end":{"line":16,"column":3}},"4":{"start":{"line":11,"column":4},"end":{"line":11,"column":49}},"5":{"start":{"line":12,"column":9},"end":{"line":16,"column":3}},"6":{"start":{"line":13,"column":4},"end":{"line":13,"column":28}},"7":{"start":{"line":15,"column":4},"end":{"line":15,"column":38}}},"fnMap":{"0":{"name":"(anonymous_0)","decl":{"start":{"line":7,"column":28},"end":{"line":7,"column":29}},"loc":{"start":{"line":7,"column":55},"end":{"line":17,"column":1}},"line":7}},"branchMap":{"0":{"loc":{"start":{"line":8,"column":2},"end":{"line":16,"column":3}},"type":"if","locations":[{"start":{"line":8,"column":2},"end":{"line":16,"column":3}},{"start":{"line":10,"column":9},"end":{"line":16,"column":3}}],"line":8},"1":{"loc":{"start":{"line":10,"column":9},"end":{"line":16,"column":3}},"type":"if","locations":[{"start":{"line":10,"column":9},"end":{"line":16,"column":3}},{"start":{"line":12,"column":9},"end":{"line":16,"column":3}}],"line":10},"2":{"loc":{"start":{"line":12,"column":9},"end":{"line":16,"column":3}},"type":"if","locations":[{"start":{"line":12,"column":9},"end":{"line":16,"column":3}},{"start":{"line":14,"column":9},"end":{"line":16,"column":3}}],"line":12}},"s":{"0":2,"1":1,"2":0,"3":1,"4":1,"5":0,"6":0,"7":0},"f":{"0":1},"b":{"0":[0,1],"1":[1,0],"2":[0,0]},"_coverageSchema":"1a1c01bbd47fc00a2c39e90264f33305004495a9","hash":"d55827d97e268f6a218506df3e45285a6b95bc1b"}
,"C:\\Users\\useerr\\Documents\\cursos\\Alura\\Programação\\node\\api-rest\\src\\middlewares\\pagination.js": {"path":"C:\\Users\\useerr\\Documents\\cursos\\Alura\\Programação\\node\\api-rest\\src\\middlewares\\pagination.js","statementMap":{"0":{"start":{"line":8,"column":2},"end":{"line":31,"column":3}},"1":{"start":{"line":11,"column":8},"end":{"line":11,"column":17}},"2":{"start":{"line":12,"column":27},"end":{"line":12,"column":48}},"3":{"start":{"line":13,"column":4},"end":{"line":13,"column":28}},"4":{"start":{"line":14,"column":4},"end":{"line":14,"column":26}},"5":{"start":{"line":15,"column":4},"end":{"line":15,"column":28}},"6":{"start":{"line":17,"column":23},"end":{"line":17,"column":26}},"7":{"start":{"line":19,"column":4},"end":{"line":28,"column":5}},"8":{"start":{"line":20,"column":21},"end":{"line":24,"column":15}},"9":{"start":{"line":25,"column":6},"end":{"line":25,"column":35}},"10":{"start":{"line":27,"column":6},"end":{"line":27,"column":31}},"11":{"start":{"line":30,"column":4},"end":{"line":30,"column":16}}},"fnMap":{"0":{"name":"Pagination","decl":{"start":{"line":7,"column":22},"end":{"line":7,"column":32}},"loc":{"start":{"line":7,"column":49},"end":{"line":32,"column":1}},"line":7}},"branchMap":{"0":{"loc":{"start":{"line":10,"column":6},"end":{"line":10,"column":15}},"type":"default-arg","locations":[{"start":{"line":10,"column":14},"end":{"line":10,"column":15}}],"line":10},"1":{"loc":{"start":{"line":10,"column":17},"end":{"line":10,"column":25}},"type":"default-arg","locations":[{"start":{"line":10,"column":24},"end":{"line":10,"column":25}}],"line":10},"2":{"loc":{"start":{"line":10,"column":27},"end":{"line":10,"column":48}},"type":"default-arg","locations":[{"start":{"line":10,"column":40},"end":{"line":10,"column":48}}],"line":10},"3":{"loc":{"start":{"line":19,"column":4},"end":{"line":28,"column":5}},"type":"if","locations":[{"start":{"line":19,"column":4},"end":{"line":28,"column":5}},{"start":{"line":26,"column":11},"end":{"line":28,"column":5}}],"line":19},"4":{"loc":{"start":{"line":19,"column":8},"end":{"line":19,"column":29}},"type":"binary-expr","locations":[{"start":{"line":19,"column":8},"end":{"line":19,"column":17}},{"start":{"line":19,"column":21},"end":{"line":19,"column":29}}],"line":19}},"s":{"0":2,"1":2,"2":2,"3":2,"4":2,"5":2,"6":2,"7":2,"8":2,"9":2,"10":0,"11":0},"f":{"0":2},"b":{"0":[2],"1":[2],"2":[2],"3":[2,0],"4":[2,2]},"_coverageSchema":"1a1c01bbd47fc00a2c39e90264f33305004495a9","hash":"9efe06183c9282b34ced7f1abcbde8dcc2126640"}
,"C:\\Users\\useerr\\Documents\\cursos\\Alura\\Programação\\node\\api-rest\\src\\models\\Author.js": {"path":"C:\\Users\\useerr\\Documents\\cursos\\Alura\\Programação\\node\\api-rest\\src\\models\\Author.js","statementMap":{"0":{"start":{"line":3,"column":21},"end":{"line":12,"column":1}},"1":{"start":{"line":13,"column":16},"end":{"line":13,"column":55}}},"fnMap":{},"branchMap":{},"s":{"0":3,"1":3},"f":{},"b":{},"_coverageSchema":"1a1c01bbd47fc00a2c39e90264f33305004495a9","hash":"ef468b3d5d6524770d8ac136f63c8950b572b395"}
,"C:\\Users\\useerr\\Documents\\cursos\\Alura\\Programação\\node\\api-rest\\src\\models\\Book.js": {"path":"C:\\Users\\useerr\\Documents\\cursos\\Alura\\Programação\\node\\api-rest\\src\\models\\Book.js","statementMap":{"0":{"start":{"line":3,"column":20},"end":{"line":19,"column":2}},"1":{"start":{"line":15,"column":28},"end":{"line":15,"column":56}},"2":{"start":{"line":21,"column":14},"end":{"line":21,"column":50}}},"fnMap":{"0":{"name":"(anonymous_0)","decl":{"start":{"line":15,"column":17},"end":{"line":15,"column":18}},"loc":{"start":{"line":15,"column":28},"end":{"line":15,"column":56}},"line":15}},"branchMap":{"0":{"loc":{"start":{"line":15,"column":28},"end":{"line":15,"column":56}},"type":"binary-expr","locations":[{"start":{"line":15,"column":28},"end":{"line":15,"column":39}},{"start":{"line":15,"column":43},"end":{"line":15,"column":56}}],"line":15}},"s":{"0":3,"1":1,"2":3},"f":{"0":1},"b":{"0":[1,1]},"_coverageSchema":"1a1c01bbd47fc00a2c39e90264f33305004495a9","hash":"2bcf3beed8a2df112f1cdd6cf8f2d17f2d0a8f1a"}
,"C:\\Users\\useerr\\Documents\\cursos\\Alura\\Programação\\node\\api-rest\\src\\models\\globalValidation.js": {"path":"C:\\Users\\useerr\\Documents\\cursos\\Alura\\Programação\\node\\api-rest\\src\\models\\globalValidation.js","statementMap":{"0":{"start":{"line":3,"column":0},"end":{"line":6,"column":3}},"1":{"start":{"line":4,"column":24},"end":{"line":4,"column":43}},"2":{"start":{"line":5,"column":25},"end":{"line":5,"column":64}}},"fnMap":{"0":{"name":"(anonymous_0)","decl":{"start":{"line":4,"column":13},"end":{"line":4,"column":14}},"loc":{"start":{"line":4,"column":24},"end":{"line":4,"column":43}},"line":4},"1":{"name":"(anonymous_1)","decl":{"start":{"line":5,"column":11},"end":{"line":5,"column":12}},"loc":{"start":{"line":5,"column":25},"end":{"line":5,"column":64}},"line":5}},"branchMap":{},"s":{"0":3,"1":5,"2":0},"f":{"0":5,"1":0},"b":{},"_coverageSchema":"1a1c01bbd47fc00a2c39e90264f33305004495a9","hash":"8575b03c152ff065a927ba1305afaa0cdc8a4715"}
,"C:\\Users\\useerr\\Documents\\cursos\\Alura\\Programação\\node\\api-rest\\src\\models\\index.js": {"path":"C:\\Users\\useerr\\Documents\\cursos\\Alura\\Programação\\node\\api-rest\\src\\models\\index.js","statementMap":{},"fnMap":{},"branchMap":{},"s":{},"f":{},"b":{},"_coverageSchema":"1a1c01bbd47fc00a2c39e90264f33305004495a9","hash":"6962a55bfbbe68a6202ccd1a672611a8211dec7e"}
,"C:\\Users\\useerr\\Documents\\cursos\\Alura\\Programação\\node\\api-rest\\src\\routes\\AuthorsRoutes.js": {"path":"C:\\Users\\useerr\\Documents\\cursos\\Alura\\Programação\\node\\api-rest\\src\\routes\\AuthorsRoutes.js","statementMap":{"0":{"start":{"line":5,"column":15},"end":{"line":5,"column":31}},"1":{"start":{"line":7,"column":0},"end":{"line":13,"column":57}}},"fnMap":{},"branchMap":{},"s":{"0":2,"1":2},"f":{},"b":{},"_coverageSchema":"1a1c01bbd47fc00a2c39e90264f33305004495a9","hash":"2bf2706e85d8ae86a8f44fa0054e803adec75d5c"}
,"C:\\Users\\useerr\\Documents\\cursos\\Alura\\Programação\\node\\api-rest\\src\\routes\\BooksRoutes.js": {"path":"C:\\Users\\useerr\\Documents\\cursos\\Alura\\Programação\\node\\api-rest\\src\\routes\\BooksRoutes.js","statementMap":{"0":{"start":{"line":5,"column":15},"end":{"line":5,"column":31}},"1":{"start":{"line":7,"column":0},"end":{"line":14,"column":51}}},"fnMap":{},"branchMap":{},"s":{"0":2,"1":2},"f":{},"b":{},"_coverageSchema":"1a1c01bbd47fc00a2c39e90264f33305004495a9","hash":"643e045b1db33894f2bacf09a6703a4a8d761dff"}
,"C:\\Users\\useerr\\Documents\\cursos\\Alura\\Programação\\node\\api-rest\\src\\routes\\index.js": {"path":"C:\\Users\\useerr\\Documents\\cursos\\Alura\\Programação\\node\\api-rest\\src\\routes\\index.js","statementMap":{"0":{"start":{"line":5,"column":15},"end":{"line":15,"column":1}},"1":{"start":{"line":6,"column":2},"end":{"line":8,"column":5}},"2":{"start":{"line":7,"column":4},"end":{"line":7,"column":46}},"3":{"start":{"line":10,"column":2},"end":{"line":14,"column":4}}},"fnMap":{"0":{"name":"(anonymous_0)","decl":{"start":{"line":5,"column":15},"end":{"line":5,"column":16}},"loc":{"start":{"line":5,"column":24},"end":{"line":15,"column":1}},"line":5},"1":{"name":"(anonymous_1)","decl":{"start":{"line":6,"column":21},"end":{"line":6,"column":22}},"loc":{"start":{"line":6,"column":35},"end":{"line":8,"column":3}},"line":6}},"branchMap":{},"s":{"0":2,"1":2,"2":0,"3":2},"f":{"0":2,"1":0},"b":{},"_coverageSchema":"1a1c01bbd47fc00a2c39e90264f33305004495a9","hash":"78596020703d8cfd56635569d284ba22aa925f23"}
}
